0 info it worked if it ends with ok
1 verbose cli [ 'C:\\Program Files\\nodejs\\\\node.exe',
1 verbose cli   'C:\\Program Files\\nodejs\\node_modules\\npm\\bin\\npm-cli.js',
1 verbose cli   'install',
1 verbose cli   'gulp,',
1 verbose cli   'gulp-sass' ]
2 info using npm@1.4.28
3 info using node@v0.10.33
4 verbose node symlink C:\Program Files\nodejs\\node.exe
5 warn package.json coffee-dashboard@1.0.0 No description
6 warn package.json coffee-dashboard@1.0.0 No README data
7 verbose readDependencies using package.json deps
8 verbose cache add [ 'gulp,', null ]
9 verbose cache add name=undefined spec="gulp," args=["gulp,",null]
10 verbose parsed url { protocol: null,
10 verbose parsed url   slashes: null,
10 verbose parsed url   auth: null,
10 verbose parsed url   host: null,
10 verbose parsed url   port: null,
10 verbose parsed url   hostname: null,
10 verbose parsed url   hash: null,
10 verbose parsed url   search: null,
10 verbose parsed url   query: null,
10 verbose parsed url   pathname: 'gulp,',
10 verbose parsed url   path: 'gulp,',
10 verbose parsed url   href: 'gulp,' }
11 verbose cache add [ 'gulp-sass', null ]
12 verbose cache add name=undefined spec="gulp-sass" args=["gulp-sass",null]
13 verbose parsed url { protocol: null,
13 verbose parsed url   slashes: null,
13 verbose parsed url   auth: null,
13 verbose parsed url   host: null,
13 verbose parsed url   port: null,
13 verbose parsed url   hostname: null,
13 verbose parsed url   hash: null,
13 verbose parsed url   search: null,
13 verbose parsed url   query: null,
13 verbose parsed url   pathname: 'gulp-sass',
13 verbose parsed url   path: 'gulp-sass',
13 verbose parsed url   href: 'gulp-sass' }
14 silly lockFile e66a0b4e-gulp gulp,
15 verbose lock gulp, C:\Users\Thomas\AppData\Roaming\npm-cache\e66a0b4e-gulp.lock
16 silly lockFile 993318e6-gulp-sass gulp-sass
17 verbose lock gulp-sass C:\Users\Thomas\AppData\Roaming\npm-cache\993318e6-gulp-sass.lock
18 silly lockFile 993318e6-gulp-sass gulp-sass
19 silly lockFile 993318e6-gulp-sass gulp-sass
20 silly lockFile e66a0b4e-gulp gulp,
21 silly lockFile e66a0b4e-gulp gulp,
22 verbose addNamed [ 'gulp-sass', '' ]
23 verbose addNamed [ null, '*' ]
24 silly lockFile 59b5e58d-gulp-sass gulp-sass@
25 verbose lock gulp-sass@ C:\Users\Thomas\AppData\Roaming\npm-cache\59b5e58d-gulp-sass.lock
26 verbose addNamed [ 'gulp,', '' ]
27 verbose addNamed [ null, '*' ]
28 silly lockFile e1e800a2-gulp gulp,@
29 verbose lock gulp,@ C:\Users\Thomas\AppData\Roaming\npm-cache\e1e800a2-gulp.lock
30 silly addNameRange { name: 'gulp-sass', range: '*', hasData: false }
31 silly addNameRange { name: 'gulp,', range: '*', hasData: false }
32 verbose request where is /gulp,
33 verbose request registry https://registry.npmjs.org/
34 verbose request id 65a653ccc352b767
35 verbose url raw /gulp,
36 verbose url resolving [ 'https://registry.npmjs.org/', './gulp%2C' ]
37 verbose url resolved https://registry.npmjs.org/gulp%2C
38 verbose request where is https://registry.npmjs.org/gulp%2C
39 info trying registry request attempt 1 at 11:24:53
40 http GET https://registry.npmjs.org/gulp%2C
41 verbose request where is /gulp-sass
42 verbose request registry https://registry.npmjs.org/
43 verbose url raw /gulp-sass
44 verbose url resolving [ 'https://registry.npmjs.org/', './gulp-sass' ]
45 verbose url resolved https://registry.npmjs.org/gulp-sass
46 verbose request where is https://registry.npmjs.org/gulp-sass
47 info trying registry request attempt 1 at 11:24:53
48 verbose etag "3YO14ZN5F9PEQXPJ9C4QC3PX8"
49 http GET https://registry.npmjs.org/gulp-sass
50 http 404 https://registry.npmjs.org/gulp%2C
51 verbose headers { date: 'Thu, 18 Dec 2014 10:24:51 GMT',
51 verbose headers   server: 'CouchDB/1.5.0 (Erlang OTP/R14B04)',
51 verbose headers   'content-type': 'application/json',
51 verbose headers   'cache-control': 'max-age=0',
51 verbose headers   'content-length': '52',
51 verbose headers   'accept-ranges': 'bytes',
51 verbose headers   via: '1.1 varnish',
51 verbose headers   age: '0',
51 verbose headers   'x-served-by': 'cache-lcy1128-LCY',
51 verbose headers   'x-cache': 'MISS',
51 verbose headers   'x-cache-hits': '0',
51 verbose headers   'x-timer': 'S1418898291.368814,VS0,VE350',
51 verbose headers   'keep-alive': 'timeout=10, max=50',
51 verbose headers   connection: 'Keep-Alive' }
52 silly registry.get cb [ 404,
52 silly registry.get   { date: 'Thu, 18 Dec 2014 10:24:51 GMT',
52 silly registry.get     server: 'CouchDB/1.5.0 (Erlang OTP/R14B04)',
52 silly registry.get     'content-type': 'application/json',
52 silly registry.get     'cache-control': 'max-age=0',
52 silly registry.get     'content-length': '52',
52 silly registry.get     'accept-ranges': 'bytes',
52 silly registry.get     via: '1.1 varnish',
52 silly registry.get     age: '0',
52 silly registry.get     'x-served-by': 'cache-lcy1128-LCY',
52 silly registry.get     'x-cache': 'MISS',
52 silly registry.get     'x-cache-hits': '0',
52 silly registry.get     'x-timer': 'S1418898291.368814,VS0,VE350',
52 silly registry.get     'keep-alive': 'timeout=10, max=50',
52 silly registry.get     connection: 'Keep-Alive' } ]
53 silly lockFile e1e800a2-gulp gulp,@
54 silly lockFile e1e800a2-gulp gulp,@
55 http 200 https://registry.npmjs.org/gulp-sass
56 silly registry.get cb [ 200,
56 silly registry.get   { date: 'Thu, 18 Dec 2014 10:24:52 GMT',
56 silly registry.get     server: 'CouchDB/1.5.0 (Erlang OTP/R16B03)',
56 silly registry.get     etag: '"7IVTJY9EPDBDGFYJ88U11471P"',
56 silly registry.get     'content-type': 'application/json',
56 silly registry.get     'cache-control': 'max-age=60',
56 silly registry.get     'content-length': '27130',
56 silly registry.get     'accept-ranges': 'bytes',
56 silly registry.get     via: '1.1 varnish',
56 silly registry.get     age: '0',
56 silly registry.get     'x-served-by': 'cache-lcy1135-LCY',
56 silly registry.get     'x-cache': 'HIT',
56 silly registry.get     'x-cache-hits': '1',
56 silly registry.get     'x-timer': 'S1418898291.367812,VS0,VE634',
56 silly registry.get     vary: 'Accept',
56 silly registry.get     'keep-alive': 'timeout=10, max=50',
56 silly registry.get     connection: 'Keep-Alive' } ]
57 silly addNameRange number 2 { name: 'gulp-sass', range: '*', hasData: true }
58 silly addNameRange versions [ 'gulp-sass',
58 silly addNameRange   [ '0.1.0',
58 silly addNameRange     '0.2.1',
58 silly addNameRange     '0.2.2',
58 silly addNameRange     '0.2.3',
58 silly addNameRange     '0.3.0',
58 silly addNameRange     '0.4.0',
58 silly addNameRange     '0.4.1',
58 silly addNameRange     '0.5.0',
58 silly addNameRange     '0.5.1',
58 silly addNameRange     '0.5.2',
58 silly addNameRange     '0.6.0',
58 silly addNameRange     '0.7.0',
58 silly addNameRange     '0.7.1',
58 silly addNameRange     '0.7.2',
58 silly addNameRange     '0.7.3',
58 silly addNameRange     '1.0.0',
58 silly addNameRange     '1.1.0',
58 silly addNameRange     '1.2.0',
58 silly addNameRange     '1.2.1',
58 silly addNameRange     '1.2.2',
58 silly addNameRange     '1.2.3',
58 silly addNameRange     '1.2.4' ] ]
59 verbose addNamed [ 'gulp-sass', '1.2.4' ]
60 verbose addNamed [ '1.2.4', '1.2.4' ]
61 silly lockFile 61c2c22e-gulp-sass-1-2-4 gulp-sass@1.2.4
62 verbose lock gulp-sass@1.2.4 C:\Users\Thomas\AppData\Roaming\npm-cache\61c2c22e-gulp-sass-1-2-4.lock
63 silly lockFile 1f8ce4ae-rg-gulp-sass-gulp-sass-1-2-4-tgz https://registry.npmjs.org/gulp-sass/-/gulp-sass-1.2.4.tgz
64 verbose lock https://registry.npmjs.org/gulp-sass/-/gulp-sass-1.2.4.tgz C:\Users\Thomas\AppData\Roaming\npm-cache\1f8ce4ae-rg-gulp-sass-gulp-sass-1-2-4-tgz.lock
65 verbose addRemoteTarball [ 'https://registry.npmjs.org/gulp-sass/-/gulp-sass-1.2.4.tgz',
65 verbose addRemoteTarball   'f9de5dff16f9c3369f45bdabf466a588db819c68' ]
66 info retry fetch attempt 1 at 11:24:54
67 verbose fetch to= C:\Users\Thomas\AppData\Local\Temp\npm-13884-GQeudJrz\registry.npmjs.org\gulp-sass\-\gulp-sass-1.2.4.tgz
68 http GET https://registry.npmjs.org/gulp-sass/-/gulp-sass-1.2.4.tgz
69 http 200 https://registry.npmjs.org/gulp-sass/-/gulp-sass-1.2.4.tgz
70 silly lockFile 1f8ce4ae-rg-gulp-sass-gulp-sass-1-2-4-tgz https://registry.npmjs.org/gulp-sass/-/gulp-sass-1.2.4.tgz
71 silly lockFile 1f8ce4ae-rg-gulp-sass-gulp-sass-1-2-4-tgz https://registry.npmjs.org/gulp-sass/-/gulp-sass-1.2.4.tgz
72 silly lockFile 61c2c22e-gulp-sass-1-2-4 gulp-sass@1.2.4
73 silly lockFile 61c2c22e-gulp-sass-1-2-4 gulp-sass@1.2.4
74 silly lockFile 59b5e58d-gulp-sass gulp-sass@
75 silly lockFile 59b5e58d-gulp-sass gulp-sass@
76 error 404 404 Not Found: gulp%2C
76 error 404
76 error 404 'gulp%2C' is not in the npm registry.
76 error 404 You should bug the author to publish it
76 error 404 It was specified as a dependency of 'coffee-dashboard'
76 error 404
76 error 404 Note that you can also install from a
76 error 404 tarball, folder, or http url, or git url.
77 error System Windows_NT 6.2.9200
78 error command "C:\\Program Files\\nodejs\\\\node.exe" "C:\\Program Files\\nodejs\\node_modules\\npm\\bin\\npm-cli.js" "install" "gulp," "gulp-sass"
79 error cwd D:\Dev\www\coffee-dashboard
80 error node -v v0.10.33
81 error npm -v 1.4.28
82 error code E404
83 verbose exit [ 1, true ]
